-e [0;35m[2024-08-26 12:50:39] Current branch: version2.0[0m
-e [0;32m[2024-08-26 12:50:39] Repository check completed for ./002-personal/004-portfolio/004-dataDiffusion[0m
-e [0;35m[2024-08-26 12:52:55] Current branch: version2.0[0m
-e [0;32m[2024-08-26 12:52:55] Repository check completed for ./002-personal/004-portfolio/004-dataDiffusion[0m
-e [0;35m[2024-08-26 12:56:52] Current branch: version2.0[0m
-e [0;32m[2024-08-26 12:56:52] Repository check completed for ./002-personal/004-portfolio/004-dataDiffusion[0m
-e [0;35m[2024-08-26 13:06:26] Current branch: version2.0[0m
-e [0;33m[2024-08-26 13:06:26] Repository has changes:[0m
-e [0;33m[2024-08-26 13:06:26] Repository is not up to date[0m
-e [0;33m[2024-08-26 13:06:26] Local revision: 26ba5e4f2ae8a1edad4e5bda4a4836b9e2e71b70[0m
-e [0;33m[2024-08-26 13:06:26] Remote revision: [0m
-e [0;32m[2024-08-26 13:06:26] Repository check completed for ./002-personal/004-portfolio/004-dataDiffusion[0m
-e [0;35m[2024-08-26 13:07:14] Current branch: version2.0[0m
-e [0;34m[2024-08-26 13:07:14] Pulling updates...[0m
-e [0;34m[2024-08-26 13:07:16] Pull output:[0m
-e [0;32m[2024-08-26 13:07:16] Repository updated successfully[0m
-e [0;32m[2024-08-26 13:07:16] Repository check completed for ./002-personal/004-portfolio/004-dataDiffusion[0m
-e [0;35m[2024-08-26 13:09:53] Current branch: version2.0[0m
-e [0;33m[2024-08-26 13:09:53] Repository has changes:[0m
-e [0;33m[2024-08-26 13:09:53] Repository is not up to date[0m
-e [0;33m[2024-08-26 13:09:53] Local revision: 26ba5e4f2ae8a1edad4e5bda4a4836b9e2e71b70[0m
-e [0;33m[2024-08-26 13:09:53] Remote revision: [0m
-e [0;32m[2024-08-26 13:09:53] Repository check completed for ./002-personal/004-portfolio/004-dataDiffusion[0m
