2024-08-29 13:14:24,825 - default_logger - INFO - Starting main process
2024-08-29 13:14:24,826 - default_logger - INFO - Starting embedding tests
2024-08-29 13:14:24,826 - default_logger - INFO - Testing sinusoidal embedding:
2024-08-29 13:14:24,826 - default_logger - INFO - Initializing PositionalEmbedding with size 32 and type sinusoidal
2024-08-29 13:14:24,828 - default_logger - INFO -   Input shape: torch.Size([10])
2024-08-29 13:14:24,828 - default_logger - INFO -   Output shape: torch.Size([10, 32])
2024-08-29 13:14:24,828 - default_logger - INFO -   Output mean: 0.2511
2024-08-29 13:14:24,828 - default_logger - INFO -   Output std: 0.6620
2024-08-29 13:14:24,829 - default_logger - INFO - Testing linear embedding:
2024-08-29 13:14:24,829 - default_logger - INFO - Initializing PositionalEmbedding with size 32 and type linear
2024-08-29 13:14:24,829 - default_logger - INFO -   Input shape: torch.Size([10])
2024-08-29 13:14:24,829 - default_logger - INFO -   Output shape: torch.Size([10, 1])
2024-08-29 13:14:24,830 - default_logger - INFO -   Output mean: 17.8844
2024-08-29 13:14:24,830 - default_logger - INFO -   Output std: 10.6672
2024-08-29 13:14:24,830 - default_logger - INFO - Testing learnable embedding:
2024-08-29 13:14:24,830 - default_logger - INFO - Initializing PositionalEmbedding with size 32 and type learnable
2024-08-29 13:14:24,831 - default_logger - INFO -   Input shape: torch.Size([10])
2024-08-29 13:14:24,832 - default_logger - INFO -   Output shape: torch.Size([10, 32])
2024-08-29 13:14:24,832 - default_logger - INFO -   Output mean: -1.2171
2024-08-29 13:14:24,832 - default_logger - INFO -   Output std: 12.2177
2024-08-29 13:14:24,832 - default_logger - INFO - Testing zero embedding:
2024-08-29 13:14:24,833 - default_logger - INFO - Initializing PositionalEmbedding with size 32 and type zero
2024-08-29 13:14:24,833 - default_logger - INFO -   Input shape: torch.Size([10])
2024-08-29 13:14:24,833 - default_logger - INFO -   Output shape: torch.Size([10, 1])
2024-08-29 13:14:24,834 - default_logger - INFO -   Output mean: 0.0000
2024-08-29 13:14:24,834 - default_logger - INFO -   Output std: 0.0000
2024-08-29 13:14:24,834 - default_logger - INFO - Testing identity embedding:
2024-08-29 13:14:24,834 - default_logger - INFO - Initializing PositionalEmbedding with size 32 and type identity
2024-08-29 13:14:24,835 - default_logger - INFO -   Input shape: torch.Size([10])
2024-08-29 13:14:24,835 - default_logger - INFO -   Output shape: torch.Size([10, 1])
2024-08-29 13:14:24,835 - default_logger - INFO -   Output mean: 556.4000
2024-08-29 13:14:24,835 - default_logger - INFO -   Output std: 318.8536
2024-08-29 13:14:24,835 - default_logger - INFO - Embedding tests completed
2024-08-29 13:14:24,837 - default_logger - INFO - Created TabularMLP with input size: 8
2024-08-29 13:14:24,840 - default_logger - INFO - Preparing data
2024-08-29 13:14:24,841 - default_logger - INFO - Prepared data shapes - X: torch.Size([100, 8]), y: torch.Size([100, 1])
2024-08-29 13:14:24,842 - default_logger - INFO - Initialized NoiseScheduler with 1000 timesteps
2024-08-29 13:14:25,027 - default_logger - INFO - Starting model training
2024-08-29 13:14:26,732 - default_logger - INFO - Epoch [10/100], Loss: 0.9310
2024-08-29 13:14:26,916 - default_logger - INFO - Epoch [20/100], Loss: 1.0085
2024-08-29 13:14:27,086 - default_logger - INFO - Epoch [30/100], Loss: 1.1672
2024-08-29 13:14:27,261 - default_logger - INFO - Epoch [40/100], Loss: 0.9976
2024-08-29 13:14:27,450 - default_logger - INFO - Epoch [50/100], Loss: 1.0139
2024-08-29 13:14:27,625 - default_logger - INFO - Epoch [60/100], Loss: 0.9285
2024-08-29 13:14:27,803 - default_logger - INFO - Epoch [70/100], Loss: 0.9267
2024-08-29 13:14:27,975 - default_logger - INFO - Epoch [80/100], Loss: 1.0297
2024-08-29 13:14:28,219 - default_logger - INFO - Epoch [90/100], Loss: 1.0782
2024-08-29 13:14:28,580 - default_logger - INFO - Epoch [100/100], Loss: 0.9788
2024-08-29 13:14:28,581 - default_logger - INFO - Model training complete
2024-08-29 13:14:28,582 - default_logger - INFO - Plotting loss curve
2024-08-29 13:14:28,583 - default_logger - INFO - Creating plot: Training Loss
2024-08-29 13:14:28,927 - default_logger - INFO - Plot saved to: results/20240829_131428_training_loss.png
2024-08-29 13:14:28,928 - default_logger - INFO - Plot creation completed
2024-08-29 13:14:28,928 - default_logger - INFO - Loss curve plotting completed
2024-08-29 13:14:28,929 - default_logger - INFO - Evaluating model
2024-08-29 13:14:30,574 - default_logger - INFO - Evaluation MSE: 50536.2188
2024-08-29 13:14:30,575 - default_logger - INFO - Generated samples shape: torch.Size([100, 8])
2024-08-29 13:14:30,575 - default_logger - INFO - Evaluation MSE: 50536.2188
2024-08-29 13:14:30,577 - default_logger - INFO - Animating diffusion process
2024-08-29 13:14:30,578 - default_logger - INFO - Creating animation: Diffusion Process
