2024-08-30 13:12:56,899 - default_logger - INFO - Starting main process
2024-08-30 13:12:57,080 - default_logger - INFO - Getting dataset: california
2024-08-30 13:12:57,081 - default_logger - INFO - Loading California Housing dataset
2024-08-30 13:12:57,095 - default_logger - INFO - Checking California Housing (before scaling) dataset
2024-08-30 13:12:57,097 - default_logger - INFO - Checking California Housing target (before scaling) dataset
2024-08-30 13:12:57,101 - default_logger - INFO - Checking California Housing (after scaling) dataset
2024-08-30 13:12:57,106 - default_logger - INFO - California Housing dataset loaded. Shape: torch.Size([20640, 8])
2024-08-30 13:12:57,115 - default_logger - INFO - Model architecture:
ScoreNetwork(
  (input_proj): Linear(in_features=8, out_features=32, bias=True)
  (layers): ModuleList(
    (0-1): 2 x Sequential(
      (0): Linear(in_features=32, out_features=32, bias=True)
      (1): LayerNorm((32,), eps=1e-05, elementwise_affine=True)
      (2): SiLU()
      (3): Dropout(p=0.1, inplace=False)
    )
  )
  (final): Linear(in_features=32, out_features=8, bias=True)
  (time_embedding): LinearEmbedding()
)
2024-08-30 13:12:57,115 - default_logger - INFO - Starting score model training
2024-08-30 13:13:34,961 - default_logger - INFO - Epoch 1/2, Average Loss: 428.0187, LR: 4.38e-07
2024-08-30 13:14:08,995 - default_logger - INFO - Epoch 2/2, Average Loss: 432.3553, LR: 9.44e-07
2024-08-30 13:14:08,996 - default_logger - INFO - Model training completed.
