2024-08-29 13:19:08,493 - default_logger - INFO - Starting main process
2024-08-29 13:19:08,493 - default_logger - INFO - Starting main process
2024-08-29 13:19:08,494 - default_logger - INFO - Starting embedding tests
2024-08-29 13:19:08,494 - default_logger - INFO - Starting embedding tests
2024-08-29 13:19:08,494 - default_logger - INFO - Starting embedding tests
2024-08-29 13:19:08,494 - default_logger - INFO - Testing sinusoidal embedding:
2024-08-29 13:19:08,494 - default_logger - INFO - Testing sinusoidal embedding:
2024-08-29 13:19:08,494 - default_logger - INFO - Testing sinusoidal embedding:
2024-08-29 13:19:08,494 - default_logger - INFO - Initializing PositionalEmbedding with size 32 and type sinusoidal
2024-08-29 13:19:08,494 - default_logger - INFO - Initializing PositionalEmbedding with size 32 and type sinusoidal
2024-08-29 13:19:08,494 - default_logger - INFO - Initializing PositionalEmbedding with size 32 and type sinusoidal
2024-08-29 13:19:08,495 - default_logger - INFO -   Input shape: torch.Size([10])
2024-08-29 13:19:08,495 - default_logger - INFO -   Input shape: torch.Size([10])
2024-08-29 13:19:08,495 - default_logger - INFO -   Input shape: torch.Size([10])
2024-08-29 13:19:08,496 - default_logger - INFO -   Output shape: torch.Size([10, 32])
2024-08-29 13:19:08,496 - default_logger - INFO -   Output shape: torch.Size([10, 32])
2024-08-29 13:19:08,496 - default_logger - INFO -   Output shape: torch.Size([10, 32])
2024-08-29 13:19:08,496 - default_logger - INFO -   Output mean: 0.2241
2024-08-29 13:19:08,496 - default_logger - INFO -   Output mean: 0.2241
2024-08-29 13:19:08,496 - default_logger - INFO -   Output mean: 0.2241
2024-08-29 13:19:08,496 - default_logger - INFO -   Output std: 0.6717
2024-08-29 13:19:08,496 - default_logger - INFO -   Output std: 0.6717
2024-08-29 13:19:08,496 - default_logger - INFO -   Output std: 0.6717
2024-08-29 13:19:08,497 - default_logger - INFO - Testing linear embedding:
2024-08-29 13:19:08,497 - default_logger - INFO - Testing linear embedding:
2024-08-29 13:19:08,497 - default_logger - INFO - Testing linear embedding:
2024-08-29 13:19:08,497 - default_logger - INFO - Initializing PositionalEmbedding with size 32 and type linear
2024-08-29 13:19:08,497 - default_logger - INFO - Initializing PositionalEmbedding with size 32 and type linear
2024-08-29 13:19:08,497 - default_logger - INFO - Initializing PositionalEmbedding with size 32 and type linear
2024-08-29 13:19:08,497 - default_logger - INFO -   Input shape: torch.Size([10])
2024-08-29 13:19:08,497 - default_logger - INFO -   Input shape: torch.Size([10])
2024-08-29 13:19:08,497 - default_logger - INFO -   Input shape: torch.Size([10])
2024-08-29 13:19:08,498 - default_logger - INFO -   Output shape: torch.Size([10, 1])
2024-08-29 13:19:08,498 - default_logger - INFO -   Output shape: torch.Size([10, 1])
2024-08-29 13:19:08,498 - default_logger - INFO -   Output shape: torch.Size([10, 1])
2024-08-29 13:19:08,498 - default_logger - INFO -   Output mean: 10.6000
2024-08-29 13:19:08,498 - default_logger - INFO -   Output mean: 10.6000
2024-08-29 13:19:08,498 - default_logger - INFO -   Output mean: 10.6000
2024-08-29 13:19:08,498 - default_logger - INFO -   Output std: 7.1242
2024-08-29 13:19:08,498 - default_logger - INFO -   Output std: 7.1242
2024-08-29 13:19:08,498 - default_logger - INFO -   Output std: 7.1242
2024-08-29 13:19:08,499 - default_logger - INFO - Testing learnable embedding:
2024-08-29 13:19:08,499 - default_logger - INFO - Testing learnable embedding:
2024-08-29 13:19:08,499 - default_logger - INFO - Testing learnable embedding:
2024-08-29 13:19:08,499 - default_logger - INFO - Initializing PositionalEmbedding with size 32 and type learnable
2024-08-29 13:19:08,499 - default_logger - INFO - Initializing PositionalEmbedding with size 32 and type learnable
2024-08-29 13:19:08,499 - default_logger - INFO - Initializing PositionalEmbedding with size 32 and type learnable
2024-08-29 13:19:08,500 - default_logger - INFO -   Input shape: torch.Size([10])
2024-08-29 13:19:08,500 - default_logger - INFO -   Input shape: torch.Size([10])
2024-08-29 13:19:08,500 - default_logger - INFO -   Input shape: torch.Size([10])
2024-08-29 13:19:08,500 - default_logger - INFO -   Output shape: torch.Size([10, 32])
2024-08-29 13:19:08,500 - default_logger - INFO -   Output shape: torch.Size([10, 32])
2024-08-29 13:19:08,500 - default_logger - INFO -   Output shape: torch.Size([10, 32])
2024-08-29 13:19:08,501 - default_logger - INFO -   Output mean: 0.7157
2024-08-29 13:19:08,501 - default_logger - INFO -   Output mean: 0.7157
2024-08-29 13:19:08,501 - default_logger - INFO -   Output mean: 0.7157
2024-08-29 13:19:08,501 - default_logger - INFO -   Output std: 10.2606
2024-08-29 13:19:08,501 - default_logger - INFO -   Output std: 10.2606
2024-08-29 13:19:08,501 - default_logger - INFO -   Output std: 10.2606
2024-08-29 13:19:08,501 - default_logger - INFO - Testing zero embedding:
2024-08-29 13:19:08,501 - default_logger - INFO - Testing zero embedding:
2024-08-29 13:19:08,501 - default_logger - INFO - Testing zero embedding:
2024-08-29 13:19:08,501 - default_logger - INFO - Initializing PositionalEmbedding with size 32 and type zero
2024-08-29 13:19:08,501 - default_logger - INFO - Initializing PositionalEmbedding with size 32 and type zero
2024-08-29 13:19:08,501 - default_logger - INFO - Initializing PositionalEmbedding with size 32 and type zero
2024-08-29 13:19:08,502 - default_logger - INFO -   Input shape: torch.Size([10])
2024-08-29 13:19:08,502 - default_logger - INFO -   Input shape: torch.Size([10])
2024-08-29 13:19:08,502 - default_logger - INFO -   Input shape: torch.Size([10])
2024-08-29 13:19:08,502 - default_logger - INFO -   Output shape: torch.Size([10, 1])
2024-08-29 13:19:08,502 - default_logger - INFO -   Output shape: torch.Size([10, 1])
2024-08-29 13:19:08,502 - default_logger - INFO -   Output shape: torch.Size([10, 1])
2024-08-29 13:19:08,502 - default_logger - INFO -   Output mean: 0.0000
2024-08-29 13:19:08,502 - default_logger - INFO -   Output mean: 0.0000
2024-08-29 13:19:08,502 - default_logger - INFO -   Output mean: 0.0000
2024-08-29 13:19:08,502 - default_logger - INFO -   Output std: 0.0000
2024-08-29 13:19:08,502 - default_logger - INFO -   Output std: 0.0000
2024-08-29 13:19:08,502 - default_logger - INFO -   Output std: 0.0000
2024-08-29 13:19:08,503 - default_logger - INFO - Testing identity embedding:
2024-08-29 13:19:08,503 - default_logger - INFO - Testing identity embedding:
2024-08-29 13:19:08,503 - default_logger - INFO - Testing identity embedding:
2024-08-29 13:19:08,503 - default_logger - INFO - Initializing PositionalEmbedding with size 32 and type identity
2024-08-29 13:19:08,503 - default_logger - INFO - Initializing PositionalEmbedding with size 32 and type identity
2024-08-29 13:19:08,503 - default_logger - INFO - Initializing PositionalEmbedding with size 32 and type identity
2024-08-29 13:19:08,503 - default_logger - INFO -   Input shape: torch.Size([10])
2024-08-29 13:19:08,503 - default_logger - INFO -   Input shape: torch.Size([10])
2024-08-29 13:19:08,503 - default_logger - INFO -   Input shape: torch.Size([10])
2024-08-29 13:19:08,503 - default_logger - INFO -   Output shape: torch.Size([10, 1])
2024-08-29 13:19:08,503 - default_logger - INFO -   Output shape: torch.Size([10, 1])
2024-08-29 13:19:08,503 - default_logger - INFO -   Output shape: torch.Size([10, 1])
2024-08-29 13:19:08,503 - default_logger - INFO -   Output mean: 472.6000
2024-08-29 13:19:08,503 - default_logger - INFO -   Output mean: 472.6000
2024-08-29 13:19:08,503 - default_logger - INFO -   Output mean: 472.6000
2024-08-29 13:19:08,504 - default_logger - INFO -   Output std: 261.2548
2024-08-29 13:19:08,504 - default_logger - INFO -   Output std: 261.2548
2024-08-29 13:19:08,504 - default_logger - INFO -   Output std: 261.2548
2024-08-29 13:19:08,504 - default_logger - INFO - Embedding tests completed
2024-08-29 13:19:08,504 - default_logger - INFO - Embedding tests completed
2024-08-29 13:19:08,504 - default_logger - INFO - Embedding tests completed
2024-08-29 13:19:08,506 - default_logger - INFO - Created TabularMLP with input size: 8
2024-08-29 13:19:08,506 - default_logger - INFO - Created TabularMLP with input size: 8
2024-08-29 13:19:08,506 - default_logger - INFO - Created TabularMLP with input size: 8
2024-08-29 13:19:08,507 - default_logger - INFO - Preparing data
2024-08-29 13:19:08,507 - default_logger - INFO - Preparing data
2024-08-29 13:19:08,507 - default_logger - INFO - Preparing data
2024-08-29 13:19:08,507 - default_logger - INFO - Preparing data
2024-08-29 13:19:08,507 - default_logger - INFO - Prepared data shapes - X: torch.Size([100, 8]), y: torch.Size([100, 1])
2024-08-29 13:19:08,507 - default_logger - INFO - Prepared data shapes - X: torch.Size([100, 8]), y: torch.Size([100, 1])
2024-08-29 13:19:08,507 - default_logger - INFO - Prepared data shapes - X: torch.Size([100, 8]), y: torch.Size([100, 1])
2024-08-29 13:19:08,507 - default_logger - INFO - Prepared data shapes - X: torch.Size([100, 8]), y: torch.Size([100, 1])
2024-08-29 13:19:08,508 - default_logger - INFO - Initialized NoiseScheduler with 1000 timesteps
2024-08-29 13:19:08,508 - default_logger - INFO - Initialized NoiseScheduler with 1000 timesteps
2024-08-29 13:19:08,508 - default_logger - INFO - Initialized NoiseScheduler with 1000 timesteps
2024-08-29 13:19:08,508 - default_logger - INFO - Initialized NoiseScheduler with 1000 timesteps
2024-08-29 13:19:08,675 - default_logger - INFO - Starting model training
2024-08-29 13:19:08,675 - default_logger - INFO - Starting model training
2024-08-29 13:19:08,675 - default_logger - INFO - Starting model training
2024-08-29 13:19:08,675 - default_logger - INFO - Starting model training
2024-08-29 13:19:08,675 - default_logger - INFO - Starting model training
2024-08-29 13:19:10,186 - default_logger - INFO - Epoch [10/100], Loss: 1.0045
2024-08-29 13:19:10,186 - default_logger - INFO - Epoch [10/100], Loss: 1.0045
2024-08-29 13:19:10,186 - default_logger - INFO - Epoch [10/100], Loss: 1.0045
2024-08-29 13:19:10,186 - default_logger - INFO - Epoch [10/100], Loss: 1.0045
2024-08-29 13:19:10,186 - default_logger - INFO - Epoch [10/100], Loss: 1.0045
2024-08-29 13:19:10,363 - default_logger - INFO - Epoch [20/100], Loss: 1.0752
2024-08-29 13:19:10,363 - default_logger - INFO - Epoch [20/100], Loss: 1.0752
2024-08-29 13:19:10,363 - default_logger - INFO - Epoch [20/100], Loss: 1.0752
2024-08-29 13:19:10,363 - default_logger - INFO - Epoch [20/100], Loss: 1.0752
2024-08-29 13:19:10,363 - default_logger - INFO - Epoch [20/100], Loss: 1.0752
2024-08-29 13:19:10,525 - default_logger - INFO - Epoch [30/100], Loss: 0.9303
2024-08-29 13:19:10,525 - default_logger - INFO - Epoch [30/100], Loss: 0.9303
2024-08-29 13:19:10,525 - default_logger - INFO - Epoch [30/100], Loss: 0.9303
2024-08-29 13:19:10,525 - default_logger - INFO - Epoch [30/100], Loss: 0.9303
2024-08-29 13:19:10,525 - default_logger - INFO - Epoch [30/100], Loss: 0.9303
2024-08-29 13:19:10,682 - default_logger - INFO - Epoch [40/100], Loss: 0.8228
2024-08-29 13:19:10,682 - default_logger - INFO - Epoch [40/100], Loss: 0.8228
2024-08-29 13:19:10,682 - default_logger - INFO - Epoch [40/100], Loss: 0.8228
2024-08-29 13:19:10,682 - default_logger - INFO - Epoch [40/100], Loss: 0.8228
2024-08-29 13:19:10,682 - default_logger - INFO - Epoch [40/100], Loss: 0.8228
2024-08-29 13:19:10,833 - default_logger - INFO - Epoch [50/100], Loss: 1.0131
2024-08-29 13:19:10,833 - default_logger - INFO - Epoch [50/100], Loss: 1.0131
2024-08-29 13:19:10,833 - default_logger - INFO - Epoch [50/100], Loss: 1.0131
2024-08-29 13:19:10,833 - default_logger - INFO - Epoch [50/100], Loss: 1.0131
2024-08-29 13:19:10,833 - default_logger - INFO - Epoch [50/100], Loss: 1.0131
2024-08-29 13:19:11,001 - default_logger - INFO - Epoch [60/100], Loss: 0.9924
2024-08-29 13:19:11,001 - default_logger - INFO - Epoch [60/100], Loss: 0.9924
2024-08-29 13:19:11,001 - default_logger - INFO - Epoch [60/100], Loss: 0.9924
2024-08-29 13:19:11,001 - default_logger - INFO - Epoch [60/100], Loss: 0.9924
2024-08-29 13:19:11,001 - default_logger - INFO - Epoch [60/100], Loss: 0.9924
2024-08-29 13:19:11,158 - default_logger - INFO - Epoch [70/100], Loss: 0.8899
2024-08-29 13:19:11,158 - default_logger - INFO - Epoch [70/100], Loss: 0.8899
2024-08-29 13:19:11,158 - default_logger - INFO - Epoch [70/100], Loss: 0.8899
2024-08-29 13:19:11,158 - default_logger - INFO - Epoch [70/100], Loss: 0.8899
2024-08-29 13:19:11,158 - default_logger - INFO - Epoch [70/100], Loss: 0.8899
2024-08-29 13:19:11,332 - default_logger - INFO - Epoch [80/100], Loss: 1.0128
2024-08-29 13:19:11,332 - default_logger - INFO - Epoch [80/100], Loss: 1.0128
2024-08-29 13:19:11,332 - default_logger - INFO - Epoch [80/100], Loss: 1.0128
2024-08-29 13:19:11,332 - default_logger - INFO - Epoch [80/100], Loss: 1.0128
2024-08-29 13:19:11,332 - default_logger - INFO - Epoch [80/100], Loss: 1.0128
2024-08-29 13:19:11,492 - default_logger - INFO - Epoch [90/100], Loss: 1.0665
2024-08-29 13:19:11,492 - default_logger - INFO - Epoch [90/100], Loss: 1.0665
2024-08-29 13:19:11,492 - default_logger - INFO - Epoch [90/100], Loss: 1.0665
2024-08-29 13:19:11,492 - default_logger - INFO - Epoch [90/100], Loss: 1.0665
2024-08-29 13:19:11,492 - default_logger - INFO - Epoch [90/100], Loss: 1.0665
2024-08-29 13:19:11,656 - default_logger - INFO - Epoch [100/100], Loss: 1.0501
2024-08-29 13:19:11,656 - default_logger - INFO - Epoch [100/100], Loss: 1.0501
2024-08-29 13:19:11,656 - default_logger - INFO - Epoch [100/100], Loss: 1.0501
2024-08-29 13:19:11,656 - default_logger - INFO - Epoch [100/100], Loss: 1.0501
2024-08-29 13:19:11,656 - default_logger - INFO - Epoch [100/100], Loss: 1.0501
2024-08-29 13:19:11,656 - default_logger - INFO - Model training complete
2024-08-29 13:19:11,656 - default_logger - INFO - Model training complete
2024-08-29 13:19:11,656 - default_logger - INFO - Model training complete
2024-08-29 13:19:11,656 - default_logger - INFO - Model training complete
2024-08-29 13:19:11,656 - default_logger - INFO - Model training complete
2024-08-29 13:19:11,657 - default_logger - INFO - Plotting loss curve
2024-08-29 13:19:11,657 - default_logger - INFO - Plotting loss curve
2024-08-29 13:19:11,657 - default_logger - INFO - Plotting loss curve
2024-08-29 13:19:11,657 - default_logger - INFO - Plotting loss curve
2024-08-29 13:19:11,657 - default_logger - INFO - Plotting loss curve
2024-08-29 13:19:11,659 - default_logger - INFO - Creating plot: Training Loss
2024-08-29 13:19:11,659 - default_logger - INFO - Creating plot: Training Loss
2024-08-29 13:19:11,659 - default_logger - INFO - Creating plot: Training Loss
2024-08-29 13:19:11,659 - default_logger - INFO - Creating plot: Training Loss
2024-08-29 13:19:11,659 - default_logger - INFO - Creating plot: Training Loss
2024-08-29 13:19:11,976 - default_logger - INFO - Plot saved to: results/20240829_131911_training_loss.png
2024-08-29 13:19:11,976 - default_logger - INFO - Plot saved to: results/20240829_131911_training_loss.png
2024-08-29 13:19:11,976 - default_logger - INFO - Plot saved to: results/20240829_131911_training_loss.png
2024-08-29 13:19:11,976 - default_logger - INFO - Plot saved to: results/20240829_131911_training_loss.png
2024-08-29 13:19:11,976 - default_logger - INFO - Plot saved to: results/20240829_131911_training_loss.png
2024-08-29 13:19:11,977 - default_logger - INFO - Plot creation completed
2024-08-29 13:19:11,977 - default_logger - INFO - Plot creation completed
2024-08-29 13:19:11,977 - default_logger - INFO - Plot creation completed
2024-08-29 13:19:11,977 - default_logger - INFO - Plot creation completed
2024-08-29 13:19:11,977 - default_logger - INFO - Plot creation completed
2024-08-29 13:19:11,978 - default_logger - INFO - Loss curve plotting completed
2024-08-29 13:19:11,978 - default_logger - INFO - Loss curve plotting completed
2024-08-29 13:19:11,978 - default_logger - INFO - Loss curve plotting completed
2024-08-29 13:19:11,978 - default_logger - INFO - Loss curve plotting completed
2024-08-29 13:19:11,978 - default_logger - INFO - Loss curve plotting completed
2024-08-29 13:19:11,979 - default_logger - INFO - Evaluating model
2024-08-29 13:19:11,979 - default_logger - INFO - Evaluating model
2024-08-29 13:19:11,979 - default_logger - INFO - Evaluating model
2024-08-29 13:19:11,979 - default_logger - INFO - Evaluating model
2024-08-29 13:19:11,979 - default_logger - INFO - Evaluating model
2024-08-29 13:19:12,924 - default_logger - INFO - Evaluation MSE: 52030.2305
2024-08-29 13:19:12,924 - default_logger - INFO - Evaluation MSE: 52030.2305
2024-08-29 13:19:12,924 - default_logger - INFO - Evaluation MSE: 52030.2305
2024-08-29 13:19:12,924 - default_logger - INFO - Evaluation MSE: 52030.2305
2024-08-29 13:19:12,924 - default_logger - INFO - Evaluation MSE: 52030.2305
2024-08-29 13:19:12,925 - default_logger - INFO - Generated samples shape: torch.Size([100, 8])
2024-08-29 13:19:12,925 - default_logger - INFO - Generated samples shape: torch.Size([100, 8])
2024-08-29 13:19:12,925 - default_logger - INFO - Generated samples shape: torch.Size([100, 8])
2024-08-29 13:19:12,925 - default_logger - INFO - Generated samples shape: torch.Size([100, 8])
2024-08-29 13:19:12,925 - default_logger - INFO - Generated samples shape: torch.Size([100, 8])
2024-08-29 13:19:12,925 - default_logger - INFO - Evaluation MSE: 52030.2305
2024-08-29 13:19:12,925 - default_logger - INFO - Evaluation MSE: 52030.2305
2024-08-29 13:19:12,925 - default_logger - INFO - Evaluation MSE: 52030.2305
2024-08-29 13:19:12,925 - default_logger - INFO - Evaluation MSE: 52030.2305
2024-08-29 13:19:12,925 - default_logger - INFO - Evaluation MSE: 52030.2305
2024-08-29 13:19:12,926 - default_logger - INFO - Animating diffusion process
2024-08-29 13:19:12,926 - default_logger - INFO - Animating diffusion process
2024-08-29 13:19:12,926 - default_logger - INFO - Animating diffusion process
2024-08-29 13:19:12,926 - default_logger - INFO - Animating diffusion process
2024-08-29 13:19:12,926 - default_logger - INFO - Animating diffusion process
2024-08-29 13:19:12,927 - default_logger - INFO - Creating animation: Diffusion Process
2024-08-29 13:19:12,927 - default_logger - INFO - Creating animation: Diffusion Process
2024-08-29 13:19:12,927 - default_logger - INFO - Creating animation: Diffusion Process
2024-08-29 13:19:12,927 - default_logger - INFO - Creating animation: Diffusion Process
2024-08-29 13:19:12,927 - default_logger - INFO - Creating animation: Diffusion Process
2024-08-29 13:19:28,460 - default_logger - INFO - Animation saved to: results/20240829_131912_diffusion_process.gif
2024-08-29 13:19:28,460 - default_logger - INFO - Animation saved to: results/20240829_131912_diffusion_process.gif
2024-08-29 13:19:28,460 - default_logger - INFO - Animation saved to: results/20240829_131912_diffusion_process.gif
2024-08-29 13:19:28,460 - default_logger - INFO - Animation saved to: results/20240829_131912_diffusion_process.gif
2024-08-29 13:19:28,460 - default_logger - INFO - Animation saved to: results/20240829_131912_diffusion_process.gif
2024-08-29 13:19:28,465 - default_logger - INFO - Animation creation completed
2024-08-29 13:19:28,465 - default_logger - INFO - Animation creation completed
2024-08-29 13:19:28,465 - default_logger - INFO - Animation creation completed
2024-08-29 13:19:28,465 - default_logger - INFO - Animation creation completed
2024-08-29 13:19:28,465 - default_logger - INFO - Animation creation completed
2024-08-29 13:19:28,466 - default_logger - INFO - Diffusion process animation completed
2024-08-29 13:19:28,466 - default_logger - INFO - Diffusion process animation completed
2024-08-29 13:19:28,466 - default_logger - INFO - Diffusion process animation completed
2024-08-29 13:19:28,466 - default_logger - INFO - Diffusion process animation completed
2024-08-29 13:19:28,466 - default_logger - INFO - Diffusion process animation completed
2024-08-29 13:19:28,467 - default_logger - INFO - Main process completed
2024-08-29 13:19:28,467 - default_logger - INFO - Main process completed
2024-08-29 13:19:28,467 - default_logger - INFO - Main process completed
2024-08-29 13:19:28,467 - default_logger - INFO - Main process completed
2024-08-29 13:19:28,467 - default_logger - INFO - Main process completed
