2024-08-29 20:09:04,048 - default_logger - INFO - Starting main process
2024-08-29 20:09:04,254 - default_logger - INFO - Getting dataset: california
2024-08-29 20:09:04,254 - default_logger - INFO - Getting dataset: california
2024-08-29 20:09:04,255 - default_logger - INFO - Loading California Housing dataset
2024-08-29 20:09:04,255 - default_logger - INFO - Loading California Housing dataset
2024-08-29 20:09:04,255 - default_logger - INFO - Loading California Housing dataset
2024-08-29 20:09:04,271 - default_logger - INFO - California Housing dataset loaded. Shape: torch.Size([20640, 8])
2024-08-29 20:09:04,271 - default_logger - INFO - California Housing dataset loaded. Shape: torch.Size([20640, 8])
2024-08-29 20:09:04,271 - default_logger - INFO - California Housing dataset loaded. Shape: torch.Size([20640, 8])
2024-08-29 20:09:04,286 - default_logger - INFO - Starting model training
2024-08-29 20:09:04,286 - default_logger - INFO - Starting model training
2024-08-29 20:09:04,286 - default_logger - INFO - Starting model training
2024-08-29 20:09:04,286 - default_logger - INFO - Starting model training
2024-08-29 20:09:04,286 - default_logger - INFO - Starting model training
2024-08-29 20:09:04,286 - default_logger - INFO - Starting model training
2024-08-29 20:09:04,286 - default_logger - INFO - Starting model training
2024-08-29 20:09:16,807 - default_logger - INFO - Epoch 1/100, Average Loss: 1.0204
2024-08-29 20:09:16,807 - default_logger - INFO - Epoch 1/100, Average Loss: 1.0204
2024-08-29 20:09:16,807 - default_logger - INFO - Epoch 1/100, Average Loss: 1.0204
2024-08-29 20:09:16,807 - default_logger - INFO - Epoch 1/100, Average Loss: 1.0204
2024-08-29 20:09:31,007 - default_logger - INFO - Epoch 2/100, Average Loss: 1.0055
2024-08-29 20:09:31,007 - default_logger - INFO - Epoch 2/100, Average Loss: 1.0055
2024-08-29 20:09:31,007 - default_logger - INFO - Epoch 2/100, Average Loss: 1.0055
2024-08-29 20:09:31,007 - default_logger - INFO - Epoch 2/100, Average Loss: 1.0055
2024-08-29 20:09:51,425 - default_logger - INFO - Epoch 3/100, Average Loss: 0.9942
2024-08-29 20:09:51,425 - default_logger - INFO - Epoch 3/100, Average Loss: 0.9942
2024-08-29 20:09:51,425 - default_logger - INFO - Epoch 3/100, Average Loss: 0.9942
2024-08-29 20:09:51,425 - default_logger - INFO - Epoch 3/100, Average Loss: 0.9942
2024-08-29 20:10:05,564 - default_logger - INFO - Epoch 4/100, Average Loss: 1.0000
2024-08-29 20:10:05,564 - default_logger - INFO - Epoch 4/100, Average Loss: 1.0000
2024-08-29 20:10:05,564 - default_logger - INFO - Epoch 4/100, Average Loss: 1.0000
2024-08-29 20:10:05,564 - default_logger - INFO - Epoch 4/100, Average Loss: 1.0000
2024-08-29 20:10:22,464 - default_logger - INFO - Epoch 5/100, Average Loss: 0.9957
2024-08-29 20:10:22,464 - default_logger - INFO - Epoch 5/100, Average Loss: 0.9957
2024-08-29 20:10:22,464 - default_logger - INFO - Epoch 5/100, Average Loss: 0.9957
2024-08-29 20:10:22,464 - default_logger - INFO - Epoch 5/100, Average Loss: 0.9957
2024-08-29 20:10:37,629 - default_logger - INFO - Epoch 6/100, Average Loss: 1.0034
2024-08-29 20:10:37,629 - default_logger - INFO - Epoch 6/100, Average Loss: 1.0034
2024-08-29 20:10:37,629 - default_logger - INFO - Epoch 6/100, Average Loss: 1.0034
2024-08-29 20:10:37,629 - default_logger - INFO - Epoch 6/100, Average Loss: 1.0034
2024-08-29 20:10:50,703 - default_logger - INFO - Epoch 7/100, Average Loss: 1.0004
2024-08-29 20:10:50,703 - default_logger - INFO - Epoch 7/100, Average Loss: 1.0004
2024-08-29 20:10:50,703 - default_logger - INFO - Epoch 7/100, Average Loss: 1.0004
2024-08-29 20:10:50,703 - default_logger - INFO - Epoch 7/100, Average Loss: 1.0004
2024-08-29 20:11:03,727 - default_logger - INFO - Epoch 8/100, Average Loss: 1.0038
2024-08-29 20:11:03,727 - default_logger - INFO - Epoch 8/100, Average Loss: 1.0038
2024-08-29 20:11:03,727 - default_logger - INFO - Epoch 8/100, Average Loss: 1.0038
2024-08-29 20:11:03,727 - default_logger - INFO - Epoch 8/100, Average Loss: 1.0038
2024-08-29 20:11:20,577 - default_logger - INFO - Epoch 9/100, Average Loss: 0.9941
2024-08-29 20:11:20,577 - default_logger - INFO - Epoch 9/100, Average Loss: 0.9941
2024-08-29 20:11:20,577 - default_logger - INFO - Epoch 9/100, Average Loss: 0.9941
2024-08-29 20:11:20,577 - default_logger - INFO - Epoch 9/100, Average Loss: 0.9941
2024-08-29 20:11:37,516 - default_logger - INFO - Epoch 10/100, Average Loss: 1.0060
2024-08-29 20:11:37,516 - default_logger - INFO - Epoch 10/100, Average Loss: 1.0060
2024-08-29 20:11:37,516 - default_logger - INFO - Epoch 10/100, Average Loss: 1.0060
2024-08-29 20:11:37,516 - default_logger - INFO - Epoch 10/100, Average Loss: 1.0060
2024-08-29 20:11:54,807 - default_logger - INFO - Epoch 11/100, Average Loss: 1.0011
2024-08-29 20:11:54,807 - default_logger - INFO - Epoch 11/100, Average Loss: 1.0011
2024-08-29 20:11:54,807 - default_logger - INFO - Epoch 11/100, Average Loss: 1.0011
2024-08-29 20:11:54,807 - default_logger - INFO - Epoch 11/100, Average Loss: 1.0011
2024-08-29 20:12:12,513 - default_logger - INFO - Epoch 12/100, Average Loss: 1.0026
2024-08-29 20:12:12,513 - default_logger - INFO - Epoch 12/100, Average Loss: 1.0026
2024-08-29 20:12:12,513 - default_logger - INFO - Epoch 12/100, Average Loss: 1.0026
2024-08-29 20:12:12,513 - default_logger - INFO - Epoch 12/100, Average Loss: 1.0026
2024-08-29 20:12:29,793 - default_logger - INFO - Epoch 13/100, Average Loss: 0.9966
2024-08-29 20:12:29,793 - default_logger - INFO - Epoch 13/100, Average Loss: 0.9966
2024-08-29 20:12:29,793 - default_logger - INFO - Epoch 13/100, Average Loss: 0.9966
2024-08-29 20:12:29,793 - default_logger - INFO - Epoch 13/100, Average Loss: 0.9966
2024-08-29 20:12:45,519 - default_logger - INFO - Epoch 14/100, Average Loss: 1.0014
2024-08-29 20:12:45,519 - default_logger - INFO - Epoch 14/100, Average Loss: 1.0014
2024-08-29 20:12:45,519 - default_logger - INFO - Epoch 14/100, Average Loss: 1.0014
2024-08-29 20:12:45,519 - default_logger - INFO - Epoch 14/100, Average Loss: 1.0014
2024-08-29 20:13:00,515 - default_logger - INFO - Epoch 15/100, Average Loss: 1.0018
2024-08-29 20:13:00,515 - default_logger - INFO - Epoch 15/100, Average Loss: 1.0018
2024-08-29 20:13:00,515 - default_logger - INFO - Epoch 15/100, Average Loss: 1.0018
2024-08-29 20:13:00,515 - default_logger - INFO - Epoch 15/100, Average Loss: 1.0018
2024-08-29 20:13:15,564 - default_logger - INFO - Epoch 16/100, Average Loss: 1.0000
2024-08-29 20:13:15,564 - default_logger - INFO - Epoch 16/100, Average Loss: 1.0000
2024-08-29 20:13:15,564 - default_logger - INFO - Epoch 16/100, Average Loss: 1.0000
2024-08-29 20:13:15,564 - default_logger - INFO - Epoch 16/100, Average Loss: 1.0000
2024-08-29 20:13:31,771 - default_logger - INFO - Epoch 17/100, Average Loss: 0.9993
2024-08-29 20:13:31,771 - default_logger - INFO - Epoch 17/100, Average Loss: 0.9993
2024-08-29 20:13:31,771 - default_logger - INFO - Epoch 17/100, Average Loss: 0.9993
2024-08-29 20:13:31,771 - default_logger - INFO - Epoch 17/100, Average Loss: 0.9993
2024-08-29 20:13:47,516 - default_logger - INFO - Epoch 18/100, Average Loss: 1.0052
2024-08-29 20:13:47,516 - default_logger - INFO - Epoch 18/100, Average Loss: 1.0052
2024-08-29 20:13:47,516 - default_logger - INFO - Epoch 18/100, Average Loss: 1.0052
2024-08-29 20:13:47,516 - default_logger - INFO - Epoch 18/100, Average Loss: 1.0052
2024-08-29 20:14:03,658 - default_logger - INFO - Epoch 19/100, Average Loss: 1.0075
2024-08-29 20:14:03,658 - default_logger - INFO - Epoch 19/100, Average Loss: 1.0075
2024-08-29 20:14:03,658 - default_logger - INFO - Epoch 19/100, Average Loss: 1.0075
2024-08-29 20:14:03,658 - default_logger - INFO - Epoch 19/100, Average Loss: 1.0075
2024-08-29 20:14:22,795 - default_logger - INFO - Epoch 20/100, Average Loss: 0.9977
2024-08-29 20:14:22,795 - default_logger - INFO - Epoch 20/100, Average Loss: 0.9977
2024-08-29 20:14:22,795 - default_logger - INFO - Epoch 20/100, Average Loss: 0.9977
2024-08-29 20:14:22,795 - default_logger - INFO - Epoch 20/100, Average Loss: 0.9977
2024-08-29 20:14:36,806 - default_logger - INFO - Epoch 21/100, Average Loss: 1.0043
2024-08-29 20:14:36,806 - default_logger - INFO - Epoch 21/100, Average Loss: 1.0043
2024-08-29 20:14:36,806 - default_logger - INFO - Epoch 21/100, Average Loss: 1.0043
2024-08-29 20:14:36,806 - default_logger - INFO - Epoch 21/100, Average Loss: 1.0043
2024-08-29 20:14:54,384 - default_logger - INFO - Epoch 22/100, Average Loss: 0.9983
2024-08-29 20:14:54,384 - default_logger - INFO - Epoch 22/100, Average Loss: 0.9983
2024-08-29 20:14:54,384 - default_logger - INFO - Epoch 22/100, Average Loss: 0.9983
2024-08-29 20:14:54,384 - default_logger - INFO - Epoch 22/100, Average Loss: 0.9983
2024-08-29 20:15:05,385 - default_logger - INFO - Epoch 23/100, Average Loss: 0.9984
2024-08-29 20:15:05,385 - default_logger - INFO - Epoch 23/100, Average Loss: 0.9984
2024-08-29 20:15:05,385 - default_logger - INFO - Epoch 23/100, Average Loss: 0.9984
2024-08-29 20:15:05,385 - default_logger - INFO - Epoch 23/100, Average Loss: 0.9984
2024-08-29 20:15:17,152 - default_logger - INFO - Epoch 24/100, Average Loss: 0.9946
2024-08-29 20:15:17,152 - default_logger - INFO - Epoch 24/100, Average Loss: 0.9946
2024-08-29 20:15:17,152 - default_logger - INFO - Epoch 24/100, Average Loss: 0.9946
2024-08-29 20:15:17,152 - default_logger - INFO - Epoch 24/100, Average Loss: 0.9946
2024-08-29 20:15:28,356 - default_logger - INFO - Epoch 25/100, Average Loss: 1.0024
2024-08-29 20:15:28,356 - default_logger - INFO - Epoch 25/100, Average Loss: 1.0024
2024-08-29 20:15:28,356 - default_logger - INFO - Epoch 25/100, Average Loss: 1.0024
2024-08-29 20:15:28,356 - default_logger - INFO - Epoch 25/100, Average Loss: 1.0024
2024-08-29 20:15:40,251 - default_logger - INFO - Epoch 26/100, Average Loss: 1.0031
2024-08-29 20:15:40,251 - default_logger - INFO - Epoch 26/100, Average Loss: 1.0031
2024-08-29 20:15:40,251 - default_logger - INFO - Epoch 26/100, Average Loss: 1.0031
2024-08-29 20:15:40,251 - default_logger - INFO - Epoch 26/100, Average Loss: 1.0031
2024-08-29 20:15:51,100 - default_logger - INFO - Epoch 27/100, Average Loss: 0.9957
2024-08-29 20:15:51,100 - default_logger - INFO - Epoch 27/100, Average Loss: 0.9957
2024-08-29 20:15:51,100 - default_logger - INFO - Epoch 27/100, Average Loss: 0.9957
2024-08-29 20:15:51,100 - default_logger - INFO - Epoch 27/100, Average Loss: 0.9957
2024-08-29 20:16:02,453 - default_logger - INFO - Epoch 28/100, Average Loss: 0.9950
2024-08-29 20:16:02,453 - default_logger - INFO - Epoch 28/100, Average Loss: 0.9950
2024-08-29 20:16:02,453 - default_logger - INFO - Epoch 28/100, Average Loss: 0.9950
2024-08-29 20:16:02,453 - default_logger - INFO - Epoch 28/100, Average Loss: 0.9950
2024-08-29 20:16:13,894 - default_logger - INFO - Epoch 29/100, Average Loss: 0.9996
2024-08-29 20:16:13,894 - default_logger - INFO - Epoch 29/100, Average Loss: 0.9996
2024-08-29 20:16:13,894 - default_logger - INFO - Epoch 29/100, Average Loss: 0.9996
2024-08-29 20:16:13,894 - default_logger - INFO - Epoch 29/100, Average Loss: 0.9996
2024-08-29 20:16:24,743 - default_logger - INFO - Epoch 30/100, Average Loss: 1.0064
2024-08-29 20:16:24,743 - default_logger - INFO - Epoch 30/100, Average Loss: 1.0064
2024-08-29 20:16:24,743 - default_logger - INFO - Epoch 30/100, Average Loss: 1.0064
2024-08-29 20:16:24,743 - default_logger - INFO - Epoch 30/100, Average Loss: 1.0064
2024-08-29 20:16:36,231 - default_logger - INFO - Epoch 31/100, Average Loss: 1.0006
2024-08-29 20:16:36,231 - default_logger - INFO - Epoch 31/100, Average Loss: 1.0006
2024-08-29 20:16:36,231 - default_logger - INFO - Epoch 31/100, Average Loss: 1.0006
2024-08-29 20:16:36,231 - default_logger - INFO - Epoch 31/100, Average Loss: 1.0006
2024-08-29 20:16:47,431 - default_logger - INFO - Epoch 32/100, Average Loss: 0.9998
2024-08-29 20:16:47,431 - default_logger - INFO - Epoch 32/100, Average Loss: 0.9998
2024-08-29 20:16:47,431 - default_logger - INFO - Epoch 32/100, Average Loss: 0.9998
2024-08-29 20:16:47,431 - default_logger - INFO - Epoch 32/100, Average Loss: 0.9998
2024-08-29 20:16:59,532 - default_logger - INFO - Epoch 33/100, Average Loss: 1.0032
2024-08-29 20:16:59,532 - default_logger - INFO - Epoch 33/100, Average Loss: 1.0032
2024-08-29 20:16:59,532 - default_logger - INFO - Epoch 33/100, Average Loss: 1.0032
2024-08-29 20:16:59,532 - default_logger - INFO - Epoch 33/100, Average Loss: 1.0032
2024-08-29 20:17:11,382 - default_logger - INFO - Epoch 34/100, Average Loss: 1.0020
2024-08-29 20:17:11,382 - default_logger - INFO - Epoch 34/100, Average Loss: 1.0020
2024-08-29 20:17:11,382 - default_logger - INFO - Epoch 34/100, Average Loss: 1.0020
2024-08-29 20:17:11,382 - default_logger - INFO - Epoch 34/100, Average Loss: 1.0020
2024-08-29 20:17:23,531 - default_logger - INFO - Epoch 35/100, Average Loss: 0.9984
2024-08-29 20:17:23,531 - default_logger - INFO - Epoch 35/100, Average Loss: 0.9984
2024-08-29 20:17:23,531 - default_logger - INFO - Epoch 35/100, Average Loss: 0.9984
2024-08-29 20:17:23,531 - default_logger - INFO - Epoch 35/100, Average Loss: 0.9984
2024-08-29 20:17:35,686 - default_logger - INFO - Epoch 36/100, Average Loss: 1.0013
2024-08-29 20:17:35,686 - default_logger - INFO - Epoch 36/100, Average Loss: 1.0013
2024-08-29 20:17:35,686 - default_logger - INFO - Epoch 36/100, Average Loss: 1.0013
2024-08-29 20:17:35,686 - default_logger - INFO - Epoch 36/100, Average Loss: 1.0013
2024-08-29 20:17:46,479 - default_logger - INFO - Epoch 37/100, Average Loss: 1.0047
2024-08-29 20:17:46,479 - default_logger - INFO - Epoch 37/100, Average Loss: 1.0047
2024-08-29 20:17:46,479 - default_logger - INFO - Epoch 37/100, Average Loss: 1.0047
2024-08-29 20:17:46,479 - default_logger - INFO - Epoch 37/100, Average Loss: 1.0047
2024-08-29 20:17:58,780 - default_logger - INFO - Epoch 38/100, Average Loss: 0.9945
2024-08-29 20:17:58,780 - default_logger - INFO - Epoch 38/100, Average Loss: 0.9945
2024-08-29 20:17:58,780 - default_logger - INFO - Epoch 38/100, Average Loss: 0.9945
2024-08-29 20:17:58,780 - default_logger - INFO - Epoch 38/100, Average Loss: 0.9945
2024-08-29 20:18:11,098 - default_logger - INFO - Epoch 39/100, Average Loss: 0.9987
2024-08-29 20:18:11,098 - default_logger - INFO - Epoch 39/100, Average Loss: 0.9987
2024-08-29 20:18:11,098 - default_logger - INFO - Epoch 39/100, Average Loss: 0.9987
2024-08-29 20:18:11,098 - default_logger - INFO - Epoch 39/100, Average Loss: 0.9987
2024-08-29 20:18:23,330 - default_logger - INFO - Epoch 40/100, Average Loss: 0.9994
2024-08-29 20:18:23,330 - default_logger - INFO - Epoch 40/100, Average Loss: 0.9994
2024-08-29 20:18:23,330 - default_logger - INFO - Epoch 40/100, Average Loss: 0.9994
2024-08-29 20:18:23,330 - default_logger - INFO - Epoch 40/100, Average Loss: 0.9994
2024-08-29 20:18:35,430 - default_logger - INFO - Epoch 41/100, Average Loss: 1.0021
2024-08-29 20:18:35,430 - default_logger - INFO - Epoch 41/100, Average Loss: 1.0021
2024-08-29 20:18:35,430 - default_logger - INFO - Epoch 41/100, Average Loss: 1.0021
2024-08-29 20:18:35,430 - default_logger - INFO - Epoch 41/100, Average Loss: 1.0021
2024-08-29 20:18:48,249 - default_logger - INFO - Epoch 42/100, Average Loss: 0.9994
2024-08-29 20:18:48,249 - default_logger - INFO - Epoch 42/100, Average Loss: 0.9994
2024-08-29 20:18:48,249 - default_logger - INFO - Epoch 42/100, Average Loss: 0.9994
2024-08-29 20:18:48,249 - default_logger - INFO - Epoch 42/100, Average Loss: 0.9994
2024-08-29 20:19:01,177 - default_logger - INFO - Epoch 43/100, Average Loss: 0.9995
2024-08-29 20:19:01,177 - default_logger - INFO - Epoch 43/100, Average Loss: 0.9995
2024-08-29 20:19:01,177 - default_logger - INFO - Epoch 43/100, Average Loss: 0.9995
2024-08-29 20:19:01,177 - default_logger - INFO - Epoch 43/100, Average Loss: 0.9995
2024-08-29 20:19:13,304 - default_logger - INFO - Epoch 44/100, Average Loss: 0.9978
2024-08-29 20:19:13,304 - default_logger - INFO - Epoch 44/100, Average Loss: 0.9978
2024-08-29 20:19:13,304 - default_logger - INFO - Epoch 44/100, Average Loss: 0.9978
2024-08-29 20:19:13,304 - default_logger - INFO - Epoch 44/100, Average Loss: 0.9978
2024-08-29 20:19:25,376 - default_logger - INFO - Epoch 45/100, Average Loss: 0.9996
2024-08-29 20:19:25,376 - default_logger - INFO - Epoch 45/100, Average Loss: 0.9996
2024-08-29 20:19:25,376 - default_logger - INFO - Epoch 45/100, Average Loss: 0.9996
2024-08-29 20:19:25,376 - default_logger - INFO - Epoch 45/100, Average Loss: 0.9996
2024-08-29 20:19:37,227 - default_logger - INFO - Epoch 46/100, Average Loss: 1.0006
2024-08-29 20:19:37,227 - default_logger - INFO - Epoch 46/100, Average Loss: 1.0006
2024-08-29 20:19:37,227 - default_logger - INFO - Epoch 46/100, Average Loss: 1.0006
2024-08-29 20:19:37,227 - default_logger - INFO - Epoch 46/100, Average Loss: 1.0006
2024-08-29 20:19:48,877 - default_logger - INFO - Epoch 47/100, Average Loss: 1.0034
2024-08-29 20:19:48,877 - default_logger - INFO - Epoch 47/100, Average Loss: 1.0034
2024-08-29 20:19:48,877 - default_logger - INFO - Epoch 47/100, Average Loss: 1.0034
2024-08-29 20:19:48,877 - default_logger - INFO - Epoch 47/100, Average Loss: 1.0034
2024-08-29 20:20:01,531 - default_logger - INFO - Epoch 48/100, Average Loss: 0.9969
2024-08-29 20:20:01,531 - default_logger - INFO - Epoch 48/100, Average Loss: 0.9969
2024-08-29 20:20:01,531 - default_logger - INFO - Epoch 48/100, Average Loss: 0.9969
2024-08-29 20:20:01,531 - default_logger - INFO - Epoch 48/100, Average Loss: 0.9969
2024-08-29 20:20:14,178 - default_logger - INFO - Epoch 49/100, Average Loss: 0.9938
2024-08-29 20:20:14,178 - default_logger - INFO - Epoch 49/100, Average Loss: 0.9938
2024-08-29 20:20:14,178 - default_logger - INFO - Epoch 49/100, Average Loss: 0.9938
2024-08-29 20:20:14,178 - default_logger - INFO - Epoch 49/100, Average Loss: 0.9938
2024-08-29 20:20:27,524 - default_logger - INFO - Epoch 50/100, Average Loss: 1.0044
2024-08-29 20:20:27,524 - default_logger - INFO - Epoch 50/100, Average Loss: 1.0044
2024-08-29 20:20:27,524 - default_logger - INFO - Epoch 50/100, Average Loss: 1.0044
2024-08-29 20:20:27,524 - default_logger - INFO - Epoch 50/100, Average Loss: 1.0044
2024-08-29 20:20:40,731 - default_logger - INFO - Epoch 51/100, Average Loss: 1.0048
2024-08-29 20:20:40,731 - default_logger - INFO - Epoch 51/100, Average Loss: 1.0048
2024-08-29 20:20:40,731 - default_logger - INFO - Epoch 51/100, Average Loss: 1.0048
2024-08-29 20:20:40,731 - default_logger - INFO - Epoch 51/100, Average Loss: 1.0048
2024-08-29 20:20:53,746 - default_logger - INFO - Epoch 52/100, Average Loss: 1.0043
2024-08-29 20:20:53,746 - default_logger - INFO - Epoch 52/100, Average Loss: 1.0043
2024-08-29 20:20:53,746 - default_logger - INFO - Epoch 52/100, Average Loss: 1.0043
2024-08-29 20:20:53,746 - default_logger - INFO - Epoch 52/100, Average Loss: 1.0043
2024-08-29 20:21:06,673 - default_logger - INFO - Epoch 53/100, Average Loss: 0.9981
2024-08-29 20:21:06,673 - default_logger - INFO - Epoch 53/100, Average Loss: 0.9981
2024-08-29 20:21:06,673 - default_logger - INFO - Epoch 53/100, Average Loss: 0.9981
2024-08-29 20:21:06,673 - default_logger - INFO - Epoch 53/100, Average Loss: 0.9981
2024-08-29 20:21:19,802 - default_logger - INFO - Epoch 54/100, Average Loss: 1.0032
2024-08-29 20:21:19,802 - default_logger - INFO - Epoch 54/100, Average Loss: 1.0032
2024-08-29 20:21:19,802 - default_logger - INFO - Epoch 54/100, Average Loss: 1.0032
2024-08-29 20:21:19,802 - default_logger - INFO - Epoch 54/100, Average Loss: 1.0032
2024-08-29 20:21:32,540 - default_logger - INFO - Epoch 55/100, Average Loss: 0.9994
2024-08-29 20:21:32,540 - default_logger - INFO - Epoch 55/100, Average Loss: 0.9994
2024-08-29 20:21:32,540 - default_logger - INFO - Epoch 55/100, Average Loss: 0.9994
2024-08-29 20:21:32,540 - default_logger - INFO - Epoch 55/100, Average Loss: 0.9994
2024-08-29 20:21:44,582 - default_logger - INFO - Epoch 56/100, Average Loss: 0.9964
2024-08-29 20:21:44,582 - default_logger - INFO - Epoch 56/100, Average Loss: 0.9964
2024-08-29 20:21:44,582 - default_logger - INFO - Epoch 56/100, Average Loss: 0.9964
2024-08-29 20:21:44,582 - default_logger - INFO - Epoch 56/100, Average Loss: 0.9964
2024-08-29 20:21:56,493 - default_logger - INFO - Epoch 57/100, Average Loss: 1.0020
2024-08-29 20:21:56,493 - default_logger - INFO - Epoch 57/100, Average Loss: 1.0020
2024-08-29 20:21:56,493 - default_logger - INFO - Epoch 57/100, Average Loss: 1.0020
2024-08-29 20:21:56,493 - default_logger - INFO - Epoch 57/100, Average Loss: 1.0020
2024-08-29 20:22:08,432 - default_logger - INFO - Epoch 58/100, Average Loss: 1.0006
2024-08-29 20:22:08,432 - default_logger - INFO - Epoch 58/100, Average Loss: 1.0006
2024-08-29 20:22:08,432 - default_logger - INFO - Epoch 58/100, Average Loss: 1.0006
2024-08-29 20:22:08,432 - default_logger - INFO - Epoch 58/100, Average Loss: 1.0006
2024-08-29 20:22:20,390 - default_logger - INFO - Epoch 59/100, Average Loss: 1.0046
2024-08-29 20:22:20,390 - default_logger - INFO - Epoch 59/100, Average Loss: 1.0046
2024-08-29 20:22:20,390 - default_logger - INFO - Epoch 59/100, Average Loss: 1.0046
2024-08-29 20:22:20,390 - default_logger - INFO - Epoch 59/100, Average Loss: 1.0046
2024-08-29 20:22:32,535 - default_logger - INFO - Epoch 60/100, Average Loss: 0.9979
2024-08-29 20:22:32,535 - default_logger - INFO - Epoch 60/100, Average Loss: 0.9979
2024-08-29 20:22:32,535 - default_logger - INFO - Epoch 60/100, Average Loss: 0.9979
2024-08-29 20:22:32,535 - default_logger - INFO - Epoch 60/100, Average Loss: 0.9979
2024-08-29 20:22:44,875 - default_logger - INFO - Epoch 61/100, Average Loss: 1.0017
2024-08-29 20:22:44,875 - default_logger - INFO - Epoch 61/100, Average Loss: 1.0017
2024-08-29 20:22:44,875 - default_logger - INFO - Epoch 61/100, Average Loss: 1.0017
2024-08-29 20:22:44,875 - default_logger - INFO - Epoch 61/100, Average Loss: 1.0017
2024-08-29 20:22:57,169 - default_logger - INFO - Epoch 62/100, Average Loss: 0.9930
2024-08-29 20:22:57,169 - default_logger - INFO - Epoch 62/100, Average Loss: 0.9930
2024-08-29 20:22:57,169 - default_logger - INFO - Epoch 62/100, Average Loss: 0.9930
2024-08-29 20:22:57,169 - default_logger - INFO - Epoch 62/100, Average Loss: 0.9930
2024-08-29 20:23:09,339 - default_logger - INFO - Epoch 63/100, Average Loss: 1.0029
2024-08-29 20:23:09,339 - default_logger - INFO - Epoch 63/100, Average Loss: 1.0029
2024-08-29 20:23:09,339 - default_logger - INFO - Epoch 63/100, Average Loss: 1.0029
2024-08-29 20:23:09,339 - default_logger - INFO - Epoch 63/100, Average Loss: 1.0029
2024-08-29 20:23:21,388 - default_logger - INFO - Epoch 64/100, Average Loss: 0.9953
2024-08-29 20:23:21,388 - default_logger - INFO - Epoch 64/100, Average Loss: 0.9953
2024-08-29 20:23:21,388 - default_logger - INFO - Epoch 64/100, Average Loss: 0.9953
2024-08-29 20:23:21,388 - default_logger - INFO - Epoch 64/100, Average Loss: 0.9953
2024-08-29 20:23:33,521 - default_logger - INFO - Epoch 65/100, Average Loss: 1.0031
2024-08-29 20:23:33,521 - default_logger - INFO - Epoch 65/100, Average Loss: 1.0031
2024-08-29 20:23:33,521 - default_logger - INFO - Epoch 65/100, Average Loss: 1.0031
2024-08-29 20:23:33,521 - default_logger - INFO - Epoch 65/100, Average Loss: 1.0031
2024-08-29 20:23:45,368 - default_logger - INFO - Epoch 66/100, Average Loss: 0.9912
2024-08-29 20:23:45,368 - default_logger - INFO - Epoch 66/100, Average Loss: 0.9912
2024-08-29 20:23:45,368 - default_logger - INFO - Epoch 66/100, Average Loss: 0.9912
2024-08-29 20:23:45,368 - default_logger - INFO - Epoch 66/100, Average Loss: 0.9912
2024-08-29 20:23:57,417 - default_logger - INFO - Epoch 67/100, Average Loss: 1.0025
2024-08-29 20:23:57,417 - default_logger - INFO - Epoch 67/100, Average Loss: 1.0025
2024-08-29 20:23:57,417 - default_logger - INFO - Epoch 67/100, Average Loss: 1.0025
2024-08-29 20:23:57,417 - default_logger - INFO - Epoch 67/100, Average Loss: 1.0025
2024-08-29 20:24:09,541 - default_logger - INFO - Epoch 68/100, Average Loss: 0.9992
2024-08-29 20:24:09,541 - default_logger - INFO - Epoch 68/100, Average Loss: 0.9992
2024-08-29 20:24:09,541 - default_logger - INFO - Epoch 68/100, Average Loss: 0.9992
2024-08-29 20:24:09,541 - default_logger - INFO - Epoch 68/100, Average Loss: 0.9992
2024-08-29 20:24:21,841 - default_logger - INFO - Epoch 69/100, Average Loss: 0.9957
2024-08-29 20:24:21,841 - default_logger - INFO - Epoch 69/100, Average Loss: 0.9957
2024-08-29 20:24:21,841 - default_logger - INFO - Epoch 69/100, Average Loss: 0.9957
2024-08-29 20:24:21,841 - default_logger - INFO - Epoch 69/100, Average Loss: 0.9957
2024-08-29 20:24:34,488 - default_logger - INFO - Epoch 70/100, Average Loss: 0.9967
2024-08-29 20:24:34,488 - default_logger - INFO - Epoch 70/100, Average Loss: 0.9967
2024-08-29 20:24:34,488 - default_logger - INFO - Epoch 70/100, Average Loss: 0.9967
2024-08-29 20:24:34,488 - default_logger - INFO - Epoch 70/100, Average Loss: 0.9967
2024-08-29 20:24:46,566 - default_logger - INFO - Epoch 71/100, Average Loss: 1.0012
2024-08-29 20:24:46,566 - default_logger - INFO - Epoch 71/100, Average Loss: 1.0012
2024-08-29 20:24:46,566 - default_logger - INFO - Epoch 71/100, Average Loss: 1.0012
2024-08-29 20:24:46,566 - default_logger - INFO - Epoch 71/100, Average Loss: 1.0012
2024-08-29 20:25:00,451 - default_logger - INFO - Epoch 72/100, Average Loss: 1.0021
2024-08-29 20:25:00,451 - default_logger - INFO - Epoch 72/100, Average Loss: 1.0021
2024-08-29 20:25:00,451 - default_logger - INFO - Epoch 72/100, Average Loss: 1.0021
2024-08-29 20:25:00,451 - default_logger - INFO - Epoch 72/100, Average Loss: 1.0021
2024-08-29 20:25:13,343 - default_logger - INFO - Epoch 73/100, Average Loss: 1.0011
2024-08-29 20:25:13,343 - default_logger - INFO - Epoch 73/100, Average Loss: 1.0011
2024-08-29 20:25:13,343 - default_logger - INFO - Epoch 73/100, Average Loss: 1.0011
2024-08-29 20:25:13,343 - default_logger - INFO - Epoch 73/100, Average Loss: 1.0011
2024-08-29 20:25:25,821 - default_logger - INFO - Epoch 74/100, Average Loss: 1.0028
2024-08-29 20:25:25,821 - default_logger - INFO - Epoch 74/100, Average Loss: 1.0028
2024-08-29 20:25:25,821 - default_logger - INFO - Epoch 74/100, Average Loss: 1.0028
2024-08-29 20:25:25,821 - default_logger - INFO - Epoch 74/100, Average Loss: 1.0028
2024-08-29 20:25:38,416 - default_logger - INFO - Epoch 75/100, Average Loss: 1.0006
2024-08-29 20:25:38,416 - default_logger - INFO - Epoch 75/100, Average Loss: 1.0006
2024-08-29 20:25:38,416 - default_logger - INFO - Epoch 75/100, Average Loss: 1.0006
2024-08-29 20:25:38,416 - default_logger - INFO - Epoch 75/100, Average Loss: 1.0006
2024-08-29 20:25:51,765 - default_logger - INFO - Epoch 76/100, Average Loss: 0.9997
2024-08-29 20:25:51,765 - default_logger - INFO - Epoch 76/100, Average Loss: 0.9997
2024-08-29 20:25:51,765 - default_logger - INFO - Epoch 76/100, Average Loss: 0.9997
2024-08-29 20:25:51,765 - default_logger - INFO - Epoch 76/100, Average Loss: 0.9997
2024-08-29 20:26:04,763 - default_logger - INFO - Epoch 77/100, Average Loss: 0.9993
2024-08-29 20:26:04,763 - default_logger - INFO - Epoch 77/100, Average Loss: 0.9993
2024-08-29 20:26:04,763 - default_logger - INFO - Epoch 77/100, Average Loss: 0.9993
2024-08-29 20:26:04,763 - default_logger - INFO - Epoch 77/100, Average Loss: 0.9993
2024-08-29 20:26:17,925 - default_logger - INFO - Epoch 78/100, Average Loss: 1.0019
2024-08-29 20:26:17,925 - default_logger - INFO - Epoch 78/100, Average Loss: 1.0019
2024-08-29 20:26:17,925 - default_logger - INFO - Epoch 78/100, Average Loss: 1.0019
2024-08-29 20:26:17,925 - default_logger - INFO - Epoch 78/100, Average Loss: 1.0019
2024-08-29 20:26:30,991 - default_logger - INFO - Epoch 79/100, Average Loss: 1.0029
2024-08-29 20:26:30,991 - default_logger - INFO - Epoch 79/100, Average Loss: 1.0029
2024-08-29 20:26:30,991 - default_logger - INFO - Epoch 79/100, Average Loss: 1.0029
2024-08-29 20:26:30,991 - default_logger - INFO - Epoch 79/100, Average Loss: 1.0029
2024-08-29 20:26:44,048 - default_logger - INFO - Epoch 80/100, Average Loss: 1.0030
2024-08-29 20:26:44,048 - default_logger - INFO - Epoch 80/100, Average Loss: 1.0030
2024-08-29 20:26:44,048 - default_logger - INFO - Epoch 80/100, Average Loss: 1.0030
2024-08-29 20:26:44,048 - default_logger - INFO - Epoch 80/100, Average Loss: 1.0030
2024-08-29 20:26:57,082 - default_logger - INFO - Epoch 81/100, Average Loss: 0.9947
2024-08-29 20:26:57,082 - default_logger - INFO - Epoch 81/100, Average Loss: 0.9947
2024-08-29 20:26:57,082 - default_logger - INFO - Epoch 81/100, Average Loss: 0.9947
2024-08-29 20:26:57,082 - default_logger - INFO - Epoch 81/100, Average Loss: 0.9947
2024-08-29 20:27:10,100 - default_logger - INFO - Epoch 82/100, Average Loss: 0.9964
2024-08-29 20:27:10,100 - default_logger - INFO - Epoch 82/100, Average Loss: 0.9964
2024-08-29 20:27:10,100 - default_logger - INFO - Epoch 82/100, Average Loss: 0.9964
2024-08-29 20:27:10,100 - default_logger - INFO - Epoch 82/100, Average Loss: 0.9964
2024-08-29 20:27:22,971 - default_logger - INFO - Epoch 83/100, Average Loss: 1.0006
2024-08-29 20:27:22,971 - default_logger - INFO - Epoch 83/100, Average Loss: 1.0006
2024-08-29 20:27:22,971 - default_logger - INFO - Epoch 83/100, Average Loss: 1.0006
2024-08-29 20:27:22,971 - default_logger - INFO - Epoch 83/100, Average Loss: 1.0006
2024-08-29 20:27:36,239 - default_logger - INFO - Epoch 84/100, Average Loss: 1.0000
2024-08-29 20:27:36,239 - default_logger - INFO - Epoch 84/100, Average Loss: 1.0000
2024-08-29 20:27:36,239 - default_logger - INFO - Epoch 84/100, Average Loss: 1.0000
2024-08-29 20:27:36,239 - default_logger - INFO - Epoch 84/100, Average Loss: 1.0000
2024-08-29 20:27:49,581 - default_logger - INFO - Epoch 85/100, Average Loss: 1.0003
2024-08-29 20:27:49,581 - default_logger - INFO - Epoch 85/100, Average Loss: 1.0003
2024-08-29 20:27:49,581 - default_logger - INFO - Epoch 85/100, Average Loss: 1.0003
2024-08-29 20:27:49,581 - default_logger - INFO - Epoch 85/100, Average Loss: 1.0003
2024-08-29 20:28:02,490 - default_logger - INFO - Epoch 86/100, Average Loss: 1.0070
2024-08-29 20:28:02,490 - default_logger - INFO - Epoch 86/100, Average Loss: 1.0070
2024-08-29 20:28:02,490 - default_logger - INFO - Epoch 86/100, Average Loss: 1.0070
2024-08-29 20:28:02,490 - default_logger - INFO - Epoch 86/100, Average Loss: 1.0070
2024-08-29 20:28:15,009 - default_logger - INFO - Epoch 87/100, Average Loss: 0.9989
2024-08-29 20:28:15,009 - default_logger - INFO - Epoch 87/100, Average Loss: 0.9989
2024-08-29 20:28:15,009 - default_logger - INFO - Epoch 87/100, Average Loss: 0.9989
2024-08-29 20:28:15,009 - default_logger - INFO - Epoch 87/100, Average Loss: 0.9989
2024-08-29 20:28:29,062 - default_logger - INFO - Epoch 88/100, Average Loss: 0.9949
2024-08-29 20:28:29,062 - default_logger - INFO - Epoch 88/100, Average Loss: 0.9949
2024-08-29 20:28:29,062 - default_logger - INFO - Epoch 88/100, Average Loss: 0.9949
2024-08-29 20:28:29,062 - default_logger - INFO - Epoch 88/100, Average Loss: 0.9949
2024-08-29 20:28:49,558 - default_logger - INFO - Epoch 89/100, Average Loss: 0.9961
2024-08-29 20:28:49,558 - default_logger - INFO - Epoch 89/100, Average Loss: 0.9961
2024-08-29 20:28:49,558 - default_logger - INFO - Epoch 89/100, Average Loss: 0.9961
2024-08-29 20:28:49,558 - default_logger - INFO - Epoch 89/100, Average Loss: 0.9961
2024-08-29 20:29:05,166 - default_logger - INFO - Epoch 90/100, Average Loss: 0.9996
2024-08-29 20:29:05,166 - default_logger - INFO - Epoch 90/100, Average Loss: 0.9996
2024-08-29 20:29:05,166 - default_logger - INFO - Epoch 90/100, Average Loss: 0.9996
2024-08-29 20:29:05,166 - default_logger - INFO - Epoch 90/100, Average Loss: 0.9996
2024-08-29 20:29:35,665 - default_logger - INFO - Epoch 91/100, Average Loss: 1.0049
2024-08-29 20:29:35,665 - default_logger - INFO - Epoch 91/100, Average Loss: 1.0049
2024-08-29 20:29:35,665 - default_logger - INFO - Epoch 91/100, Average Loss: 1.0049
2024-08-29 20:29:35,665 - default_logger - INFO - Epoch 91/100, Average Loss: 1.0049
2024-08-29 20:29:48,768 - default_logger - INFO - Epoch 92/100, Average Loss: 1.0050
2024-08-29 20:29:48,768 - default_logger - INFO - Epoch 92/100, Average Loss: 1.0050
2024-08-29 20:29:48,768 - default_logger - INFO - Epoch 92/100, Average Loss: 1.0050
2024-08-29 20:29:48,768 - default_logger - INFO - Epoch 92/100, Average Loss: 1.0050
2024-08-29 20:30:02,256 - default_logger - INFO - Epoch 93/100, Average Loss: 1.0014
2024-08-29 20:30:02,256 - default_logger - INFO - Epoch 93/100, Average Loss: 1.0014
2024-08-29 20:30:02,256 - default_logger - INFO - Epoch 93/100, Average Loss: 1.0014
2024-08-29 20:30:02,256 - default_logger - INFO - Epoch 93/100, Average Loss: 1.0014
2024-08-29 20:44:45,929 - default_logger - INFO - Epoch 94/100, Average Loss: 1.0006
2024-08-29 20:44:45,929 - default_logger - INFO - Epoch 94/100, Average Loss: 1.0006
2024-08-29 20:44:45,929 - default_logger - INFO - Epoch 94/100, Average Loss: 1.0006
2024-08-29 20:44:45,929 - default_logger - INFO - Epoch 94/100, Average Loss: 1.0006
2024-08-29 20:44:58,503 - default_logger - INFO - Epoch 95/100, Average Loss: 0.9949
2024-08-29 20:44:58,503 - default_logger - INFO - Epoch 95/100, Average Loss: 0.9949
2024-08-29 20:44:58,503 - default_logger - INFO - Epoch 95/100, Average Loss: 0.9949
2024-08-29 20:44:58,503 - default_logger - INFO - Epoch 95/100, Average Loss: 0.9949
2024-08-29 20:45:12,475 - default_logger - INFO - Epoch 96/100, Average Loss: 0.9995
2024-08-29 20:45:12,475 - default_logger - INFO - Epoch 96/100, Average Loss: 0.9995
2024-08-29 20:45:12,475 - default_logger - INFO - Epoch 96/100, Average Loss: 0.9995
2024-08-29 20:45:12,475 - default_logger - INFO - Epoch 96/100, Average Loss: 0.9995
