2024-08-29 13:13:43,606 - default_logger - INFO - Starting main process
2024-08-29 13:13:43,606 - default_logger - INFO - Starting main process
2024-08-29 13:13:43,606 - default_logger - INFO - Starting embedding tests
2024-08-29 13:13:43,606 - default_logger - INFO - Starting embedding tests
2024-08-29 13:13:43,606 - default_logger - INFO - Testing sinusoidal embedding:
2024-08-29 13:13:43,606 - default_logger - INFO - Testing sinusoidal embedding:
2024-08-29 13:13:43,607 - default_logger - INFO - Initializing PositionalEmbedding with size 32 and type sinusoidal
2024-08-29 13:13:43,607 - default_logger - INFO - Initializing PositionalEmbedding with size 32 and type sinusoidal
2024-08-29 13:13:43,616 - default_logger - INFO -   Input shape: torch.Size([10])
2024-08-29 13:13:43,616 - default_logger - INFO -   Input shape: torch.Size([10])
2024-08-29 13:13:43,616 - default_logger - INFO -   Output shape: torch.Size([10, 32])
2024-08-29 13:13:43,616 - default_logger - INFO -   Output shape: torch.Size([10, 32])
2024-08-29 13:13:43,617 - default_logger - INFO -   Output mean: 0.2008
2024-08-29 13:13:43,617 - default_logger - INFO -   Output mean: 0.2008
2024-08-29 13:13:43,618 - default_logger - INFO -   Output std: 0.6791
2024-08-29 13:13:43,618 - default_logger - INFO -   Output std: 0.6791
2024-08-29 13:13:43,618 - default_logger - INFO - Testing linear embedding:
2024-08-29 13:13:43,618 - default_logger - INFO - Testing linear embedding:
2024-08-29 13:13:43,618 - default_logger - INFO - Initializing PositionalEmbedding with size 32 and type linear
2024-08-29 13:13:43,618 - default_logger - INFO - Initializing PositionalEmbedding with size 32 and type linear
2024-08-29 13:13:43,618 - default_logger - INFO -   Input shape: torch.Size([10])
2024-08-29 13:13:43,618 - default_logger - INFO -   Input shape: torch.Size([10])
2024-08-29 13:13:43,619 - default_logger - INFO -   Output shape: torch.Size([10, 1])
2024-08-29 13:13:43,619 - default_logger - INFO -   Output shape: torch.Size([10, 1])
2024-08-29 13:13:43,619 - default_logger - INFO -   Output mean: 16.7375
2024-08-29 13:13:43,619 - default_logger - INFO -   Output mean: 16.7375
2024-08-29 13:13:43,619 - default_logger - INFO -   Output std: 9.5960
2024-08-29 13:13:43,619 - default_logger - INFO -   Output std: 9.5960
2024-08-29 13:13:43,619 - default_logger - INFO - Testing learnable embedding:
2024-08-29 13:13:43,619 - default_logger - INFO - Testing learnable embedding:
2024-08-29 13:13:43,620 - default_logger - INFO - Initializing PositionalEmbedding with size 32 and type learnable
2024-08-29 13:13:43,620 - default_logger - INFO - Initializing PositionalEmbedding with size 32 and type learnable
2024-08-29 13:13:43,620 - default_logger - INFO -   Input shape: torch.Size([10])
2024-08-29 13:13:43,620 - default_logger - INFO -   Input shape: torch.Size([10])
2024-08-29 13:13:43,621 - default_logger - INFO -   Output shape: torch.Size([10, 32])
2024-08-29 13:13:43,621 - default_logger - INFO -   Output shape: torch.Size([10, 32])
2024-08-29 13:13:43,621 - default_logger - INFO -   Output mean: -0.6804
2024-08-29 13:13:43,621 - default_logger - INFO -   Output mean: -0.6804
2024-08-29 13:13:43,622 - default_logger - INFO -   Output std: 12.7190
2024-08-29 13:13:43,622 - default_logger - INFO -   Output std: 12.7190
2024-08-29 13:13:43,622 - default_logger - INFO - Testing zero embedding:
2024-08-29 13:13:43,622 - default_logger - INFO - Testing zero embedding:
2024-08-29 13:13:43,623 - default_logger - INFO - Initializing PositionalEmbedding with size 32 and type zero
2024-08-29 13:13:43,623 - default_logger - INFO - Initializing PositionalEmbedding with size 32 and type zero
2024-08-29 13:13:43,623 - default_logger - INFO -   Input shape: torch.Size([10])
2024-08-29 13:13:43,623 - default_logger - INFO -   Input shape: torch.Size([10])
2024-08-29 13:13:43,623 - default_logger - INFO -   Output shape: torch.Size([10, 1])
2024-08-29 13:13:43,623 - default_logger - INFO -   Output shape: torch.Size([10, 1])
