2024-08-30 01:40:57,738 - default_logger - INFO - Starting main process
2024-08-30 01:40:57,738 - default_logger - INFO - Starting main process
2024-08-30 01:40:57,738 - default_logger - INFO - Starting main process
2024-08-30 01:40:57,738 - default_logger - INFO - Starting main process
2024-08-30 01:40:57,919 - default_logger - INFO - Getting dataset: california
2024-08-30 01:40:57,919 - default_logger - INFO - Getting dataset: california
2024-08-30 01:40:57,919 - default_logger - INFO - Getting dataset: california
2024-08-30 01:40:57,919 - default_logger - INFO - Getting dataset: california
2024-08-30 01:40:57,919 - default_logger - INFO - Getting dataset: california
2024-08-30 01:40:57,920 - default_logger - INFO - Loading California Housing dataset
2024-08-30 01:40:57,920 - default_logger - INFO - Loading California Housing dataset
2024-08-30 01:40:57,920 - default_logger - INFO - Loading California Housing dataset
2024-08-30 01:40:57,920 - default_logger - INFO - Loading California Housing dataset
2024-08-30 01:40:57,920 - default_logger - INFO - Loading California Housing dataset
2024-08-30 01:40:57,920 - default_logger - INFO - Loading California Housing dataset
2024-08-30 01:40:57,933 - default_logger - INFO - Checking California Housing (before scaling) dataset
2024-08-30 01:40:57,933 - default_logger - INFO - Checking California Housing (before scaling) dataset
2024-08-30 01:40:57,933 - default_logger - INFO - Checking California Housing (before scaling) dataset
2024-08-30 01:40:57,933 - default_logger - INFO - Checking California Housing (before scaling) dataset
2024-08-30 01:40:57,933 - default_logger - INFO - Checking California Housing (before scaling) dataset
2024-08-30 01:40:57,933 - default_logger - INFO - Checking California Housing (before scaling) dataset
2024-08-30 01:40:57,937 - default_logger - INFO - Checking California Housing target (before scaling) dataset
2024-08-30 01:40:57,937 - default_logger - INFO - Checking California Housing target (before scaling) dataset
2024-08-30 01:40:57,937 - default_logger - INFO - Checking California Housing target (before scaling) dataset
2024-08-30 01:40:57,937 - default_logger - INFO - Checking California Housing target (before scaling) dataset
2024-08-30 01:40:57,937 - default_logger - INFO - Checking California Housing target (before scaling) dataset
2024-08-30 01:40:57,937 - default_logger - INFO - Checking California Housing target (before scaling) dataset
2024-08-30 01:40:57,941 - default_logger - INFO - Checking California Housing (after scaling) dataset
2024-08-30 01:40:57,941 - default_logger - INFO - Checking California Housing (after scaling) dataset
2024-08-30 01:40:57,941 - default_logger - INFO - Checking California Housing (after scaling) dataset
2024-08-30 01:40:57,941 - default_logger - INFO - Checking California Housing (after scaling) dataset
2024-08-30 01:40:57,941 - default_logger - INFO - Checking California Housing (after scaling) dataset
2024-08-30 01:40:57,941 - default_logger - INFO - Checking California Housing (after scaling) dataset
2024-08-30 01:40:57,943 - default_logger - INFO - California Housing dataset loaded. Shape: torch.Size([20640, 8])
2024-08-30 01:40:57,943 - default_logger - INFO - California Housing dataset loaded. Shape: torch.Size([20640, 8])
2024-08-30 01:40:57,943 - default_logger - INFO - California Housing dataset loaded. Shape: torch.Size([20640, 8])
2024-08-30 01:40:57,943 - default_logger - INFO - California Housing dataset loaded. Shape: torch.Size([20640, 8])
2024-08-30 01:40:57,943 - default_logger - INFO - California Housing dataset loaded. Shape: torch.Size([20640, 8])
2024-08-30 01:40:57,943 - default_logger - INFO - California Housing dataset loaded. Shape: torch.Size([20640, 8])
2024-08-30 01:40:57,951 - default_logger - INFO - Model architecture:
ScoreNetwork(
  (input_proj): Linear(in_features=8, out_features=32, bias=True)
  (layers): ModuleList(
    (0-1): 2 x Sequential(
      (0): Linear(in_features=32, out_features=32, bias=True)
      (1): LayerNorm((32,), eps=1e-05, elementwise_affine=True)
      (2): SiLU()
    )
  )
  (final): Linear(in_features=32, out_features=8, bias=True)
  (time_embed): Embedding(1000, 32)
)
2024-08-30 01:40:57,951 - default_logger - INFO - Model architecture:
ScoreNetwork(
  (input_proj): Linear(in_features=8, out_features=32, bias=True)
  (layers): ModuleList(
    (0-1): 2 x Sequential(
      (0): Linear(in_features=32, out_features=32, bias=True)
      (1): LayerNorm((32,), eps=1e-05, elementwise_affine=True)
      (2): SiLU()
    )
  )
  (final): Linear(in_features=32, out_features=8, bias=True)
  (time_embed): Embedding(1000, 32)
)
2024-08-30 01:40:57,951 - default_logger - INFO - Model architecture:
ScoreNetwork(
  (input_proj): Linear(in_features=8, out_features=32, bias=True)
  (layers): ModuleList(
    (0-1): 2 x Sequential(
      (0): Linear(in_features=32, out_features=32, bias=True)
      (1): LayerNorm((32,), eps=1e-05, elementwise_affine=True)
      (2): SiLU()
    )
  )
  (final): Linear(in_features=32, out_features=8, bias=True)
  (time_embed): Embedding(1000, 32)
)
2024-08-30 01:40:57,951 - default_logger - INFO - Model architecture:
ScoreNetwork(
  (input_proj): Linear(in_features=8, out_features=32, bias=True)
  (layers): ModuleList(
    (0-1): 2 x Sequential(
      (0): Linear(in_features=32, out_features=32, bias=True)
      (1): LayerNorm((32,), eps=1e-05, elementwise_affine=True)
      (2): SiLU()
    )
  )
  (final): Linear(in_features=32, out_features=8, bias=True)
  (time_embed): Embedding(1000, 32)
)
2024-08-30 01:40:57,951 - default_logger - INFO - Model architecture:
ScoreNetwork(
  (input_proj): Linear(in_features=8, out_features=32, bias=True)
  (layers): ModuleList(
    (0-1): 2 x Sequential(
      (0): Linear(in_features=32, out_features=32, bias=True)
      (1): LayerNorm((32,), eps=1e-05, elementwise_affine=True)
      (2): SiLU()
    )
  )
  (final): Linear(in_features=32, out_features=8, bias=True)
  (time_embed): Embedding(1000, 32)
)
2024-08-30 01:40:57,951 - default_logger - INFO - Model architecture:
ScoreNetwork(
  (input_proj): Linear(in_features=8, out_features=32, bias=True)
  (layers): ModuleList(
    (0-1): 2 x Sequential(
      (0): Linear(in_features=32, out_features=32, bias=True)
      (1): LayerNorm((32,), eps=1e-05, elementwise_affine=True)
      (2): SiLU()
    )
  )
  (final): Linear(in_features=32, out_features=8, bias=True)
  (time_embed): Embedding(1000, 32)
)
