2024-08-29 20:46:34,057 - default_logger - INFO - Starting main process
2024-08-29 20:46:34,226 - default_logger - INFO - Getting dataset: california
2024-08-29 20:46:34,226 - default_logger - INFO - Getting dataset: california
2024-08-29 20:46:34,228 - default_logger - INFO - Loading California Housing dataset
2024-08-29 20:46:34,228 - default_logger - INFO - Loading California Housing dataset
2024-08-29 20:46:34,228 - default_logger - INFO - Loading California Housing dataset
2024-08-29 20:46:34,245 - default_logger - INFO - California Housing dataset loaded. Shape: torch.Size([20640, 8])
2024-08-29 20:46:34,245 - default_logger - INFO - California Housing dataset loaded. Shape: torch.Size([20640, 8])
2024-08-29 20:46:34,245 - default_logger - INFO - California Housing dataset loaded. Shape: torch.Size([20640, 8])
2024-08-29 20:46:34,252 - default_logger - INFO - Starting model training
2024-08-29 20:46:34,252 - default_logger - INFO - Starting model training
2024-08-29 20:46:34,252 - default_logger - INFO - Starting model training
2024-08-29 20:46:34,252 - default_logger - INFO - Starting score model training
2024-08-29 20:46:34,252 - default_logger - INFO - Starting score model training
2024-08-29 20:46:34,252 - default_logger - INFO - Starting score model training
2024-08-29 20:46:34,252 - default_logger - INFO - Starting score model training
2024-08-29 20:46:39,681 - default_logger - INFO - Epoch 1/10, Average Loss: nan
2024-08-29 20:46:39,681 - default_logger - INFO - Epoch 1/10, Average Loss: nan
2024-08-29 20:46:39,681 - default_logger - INFO - Epoch 1/10, Average Loss: nan
2024-08-29 20:46:39,681 - default_logger - INFO - Epoch 1/10, Average Loss: nan
2024-08-29 20:46:43,837 - default_logger - INFO - Epoch 2/10, Average Loss: nan
2024-08-29 20:46:43,837 - default_logger - INFO - Epoch 2/10, Average Loss: nan
2024-08-29 20:46:43,837 - default_logger - INFO - Epoch 2/10, Average Loss: nan
2024-08-29 20:46:43,837 - default_logger - INFO - Epoch 2/10, Average Loss: nan
2024-08-29 20:46:49,117 - default_logger - INFO - Epoch 3/10, Average Loss: nan
2024-08-29 20:46:49,117 - default_logger - INFO - Epoch 3/10, Average Loss: nan
2024-08-29 20:46:49,117 - default_logger - INFO - Epoch 3/10, Average Loss: nan
2024-08-29 20:46:49,117 - default_logger - INFO - Epoch 3/10, Average Loss: nan
2024-08-29 20:46:55,855 - default_logger - INFO - Epoch 4/10, Average Loss: nan
2024-08-29 20:46:55,855 - default_logger - INFO - Epoch 4/10, Average Loss: nan
2024-08-29 20:46:55,855 - default_logger - INFO - Epoch 4/10, Average Loss: nan
2024-08-29 20:46:55,855 - default_logger - INFO - Epoch 4/10, Average Loss: nan
2024-08-29 20:47:02,167 - default_logger - INFO - Epoch 5/10, Average Loss: nan
2024-08-29 20:47:02,167 - default_logger - INFO - Epoch 5/10, Average Loss: nan
2024-08-29 20:47:02,167 - default_logger - INFO - Epoch 5/10, Average Loss: nan
2024-08-29 20:47:02,167 - default_logger - INFO - Epoch 5/10, Average Loss: nan
2024-08-29 20:47:10,695 - default_logger - INFO - Epoch 6/10, Average Loss: nan
2024-08-29 20:47:10,695 - default_logger - INFO - Epoch 6/10, Average Loss: nan
2024-08-29 20:47:10,695 - default_logger - INFO - Epoch 6/10, Average Loss: nan
2024-08-29 20:47:10,695 - default_logger - INFO - Epoch 6/10, Average Loss: nan
2024-08-29 20:47:19,830 - default_logger - INFO - Epoch 7/10, Average Loss: nan
2024-08-29 20:47:19,830 - default_logger - INFO - Epoch 7/10, Average Loss: nan
2024-08-29 20:47:19,830 - default_logger - INFO - Epoch 7/10, Average Loss: nan
2024-08-29 20:47:19,830 - default_logger - INFO - Epoch 7/10, Average Loss: nan
2024-08-29 20:47:28,538 - default_logger - INFO - Epoch 8/10, Average Loss: nan
2024-08-29 20:47:28,538 - default_logger - INFO - Epoch 8/10, Average Loss: nan
2024-08-29 20:47:28,538 - default_logger - INFO - Epoch 8/10, Average Loss: nan
2024-08-29 20:47:28,538 - default_logger - INFO - Epoch 8/10, Average Loss: nan
2024-08-29 20:47:34,189 - default_logger - INFO - Epoch 9/10, Average Loss: nan
2024-08-29 20:47:34,189 - default_logger - INFO - Epoch 9/10, Average Loss: nan
2024-08-29 20:47:34,189 - default_logger - INFO - Epoch 9/10, Average Loss: nan
2024-08-29 20:47:34,189 - default_logger - INFO - Epoch 9/10, Average Loss: nan
2024-08-29 20:47:39,663 - default_logger - INFO - Epoch 10/10, Average Loss: nan
2024-08-29 20:47:39,663 - default_logger - INFO - Epoch 10/10, Average Loss: nan
2024-08-29 20:47:39,663 - default_logger - INFO - Epoch 10/10, Average Loss: nan
2024-08-29 20:47:39,663 - default_logger - INFO - Epoch 10/10, Average Loss: nan
2024-08-29 20:47:39,663 - default_logger - INFO - Model training completed
2024-08-29 20:47:39,663 - default_logger - INFO - Model training completed
2024-08-29 20:47:39,663 - default_logger - INFO - Model training completed
2024-08-29 20:47:39,663 - default_logger - INFO - Model training completed
2024-08-29 20:47:39,664 - default_logger - INFO - Generating samples
2024-08-29 20:47:39,664 - default_logger - INFO - Generating samples
2024-08-29 20:47:39,664 - default_logger - INFO - Generating samples
2024-08-29 20:47:39,664 - default_logger - INFO - Generating samples
2024-08-29 20:47:41,516 - default_logger - INFO - Creating animations
2024-08-29 20:47:41,516 - default_logger - INFO - Creating animations
2024-08-29 20:47:41,516 - default_logger - INFO - Creating animations
2024-08-29 20:47:41,516 - default_logger - INFO - Creating animations
